0 info it worked if it ends with ok
1 verbose cli [ '/usr/bin/node',
1 verbose cli   '/home/luis/.npm-packages/bin/npm',
1 verbose cli   'run',
1 verbose cli   'dev',
1 verbose cli   '-p',
1 verbose cli   '3002' ]
2 info using npm@3.8.6
3 info using node@v9.11.2
4 verbose run-script [ 'predev', 'dev', 'postdev' ]
5 info lifecycle friendsofosorniopark@0.0.0~predev: friendsofosorniopark@0.0.0
6 silly lifecycle friendsofosorniopark@0.0.0~predev: no script for predev, continuing
7 info lifecycle friendsofosorniopark@0.0.0~dev: friendsofosorniopark@0.0.0
8 verbose lifecycle friendsofosorniopark@0.0.0~dev: unsafe-perm in lifecycle true
9 verbose lifecycle friendsofosorniopark@0.0.0~dev: PATH: /home/luis/.npm-packages/lib/node_modules/npm/bin/node-gyp-bin:/var/www/friendsofosorniopark-staging/friendsofosorniopark/node_modules/.bin:/usr/bin:/home/luis/.npm-packages/bin:/usr/local/sbin:/usr/local/bin:/usr/sbin:/usr/bin:/sbin:/bin:/usr/games:/usr/local/games:/home/luis/.npm/bin
10 verbose lifecycle friendsofosorniopark@0.0.0~dev: CWD: /var/www/friendsofosorniopark-staging/friendsofosorniopark
11 silly lifecycle friendsofosorniopark@0.0.0~dev: Args: [ '-c', 'next -p 3001 "3002"' ]
12 silly lifecycle friendsofosorniopark@0.0.0~dev: Returned: code: 1  signal: null
13 info lifecycle friendsofosorniopark@0.0.0~dev: Failed to exec dev script
14 verbose stack Error: friendsofosorniopark@0.0.0 dev: `next -p 3001 "3002"`
14 verbose stack Exit status 1
14 verbose stack     at EventEmitter.<anonymous> (/home/luis/.npm-packages/lib/node_modules/npm/lib/utils/lifecycle.js:239:16)
14 verbose stack     at EventEmitter.emit (events.js:180:13)
14 verbose stack     at ChildProcess.<anonymous> (/home/luis/.npm-packages/lib/node_modules/npm/lib/utils/spawn.js:24:14)
14 verbose stack     at ChildProcess.emit (events.js:180:13)
14 verbose stack     at maybeClose (internal/child_process.js:936:16)
14 verbose stack     at Process.ChildProcess._handle.onexit (internal/child_process.js:220:5)
15 verbose pkgid friendsofosorniopark@0.0.0
16 verbose cwd /var/www/friendsofosorniopark-staging/friendsofosorniopark
17 error Linux 5.3.11-x86_64-linode131
18 error argv "/usr/bin/node" "/home/luis/.npm-packages/bin/npm" "run" "dev" "-p" "3002"
19 error node v9.11.2
20 error npm  v3.8.6
21 error code ELIFECYCLE
22 error friendsofosorniopark@0.0.0 dev: `next -p 3001 "3002"`
22 error Exit status 1
23 error Failed at the friendsofosorniopark@0.0.0 dev script 'next -p 3001 "3002"'.
23 error Make sure you have the latest version of node.js and npm installed.
23 error If you do, this is most likely a problem with the friendsofosorniopark package,
23 error not with npm itself.
23 error Tell the author that this fails on your system:
23 error     next -p 3001 "3002"
23 error You can get information on how to open an issue for this project with:
23 error     npm bugs friendsofosorniopark
23 error Or if that isn't available, you can get their info via:
23 error     npm owner ls friendsofosorniopark
23 error There is likely additional logging output above.
24 verbose exit [ 1, true ]
